start: S
accept: AC
reject: RJ
blank: e

S 0 -> GO 2 >
S 1 -> GO 3 >
S < -> CHECKLENGTH < >

CHECKLENGTH 2 -> TOBEGIN 2 <
CHECKLENGTH 3 -> TOBEGIN 3 <
CHECKLENGTH 1 -> AC 1 ^
CHECKLENGTH 0 -> AC 0 ^

GO 0 -> GO 0 >
GO 1 -> GO 1 >
GO < -> GO < >
GO 2 -> CHANGE 2 <
GO 3 -> CHANGE 3 <
GO e -> CHANGE e <

CHANGE 0 -> BACK 2 <
CHANGE 1 -> BACK 3 <
CHANGE < -> RJ < ^

BACK 0 -> BACK 0 <
BACK 1 -> BACK 1 <
BACK < -> BACK < <
BACK 2 -> S 2 >
BACK 3 -> S 3 >
BACK e -> S e >

TOBEGIN 2 -> TOBEGIN 2 <
TOBEGIN 3 -> TOBEGIN 3 <
TOBEGIN e -> COMPARE e >
TOBEGIN < -> TOBEGIN < <
TOBEGIN 2. -> TOBEGIN 2. <
TOBEGIN 3. -> TOBEGIN 3. <
TOBEGIN 2' -> COMPARE 2' >
TOBEGIN 3' -> COMPARE 3' >

COMPARE 2 -> TOEND2 2' >
COMPARE 3 -> TOEND3 3' >
COMPARE < -> RJ e ^

TOEND2 2 -> TOEND2 2 >
TOEND2 3 -> TOEND2 3 >
TOEND2 < -> TOEND2 < >
TOEND2 e -> COMPARE2 e <
TOEND2 3. -> TOEND2 3. >
TOEND2 2. -> TOEND2 2. >


COMPARE2 2 -> COMPARE2 2 <
COMPARE2 3 -> COMPARE2 3 <
COMPARE2 < -> CHECK2 < >
COMPARE2 3. -> CHECK2 3. >
COMPARE2 2. -> CHECK2 2. >

CHECK2 2 -> TOBEGIN 2. <
CHECK2 3 -> AC 3 ^

TOEND3 2 -> TOEND3 2 >
TOEND3 3 -> TOEND3 3 >
TOEND3 < -> TOEND3 < >
TOEND3 e -> COMPARE3 e <
TOEND3 3. -> TOEND3 3. >
TOEND3 2. -> TOEND3 2. >

COMPARE3 2 -> COMPARE3 2 <
COMPARE3 3 -> COMPARE3 3 <
COMPARE3 < -> CHECK3 < >
COMPARE3 3. -> CHECK3 3. >
COMPARE3 2. -> CHECK3 2. >

CHECK3 2 -> RJ 2 ^
CHECK3 3 -> TOBEGIN 3. <